[debug] [2025-02-17T12:11:49.063Z] ----------------------------------------------------------------------
[debug] [2025-02-17T12:11:49.066Z] Command:       C:\Program Files\nodejs\node.exe C:\Users\Benito\AppData\Roaming\npm\node_modules\firebase-tools\lib\bin\firebase.js init
[debug] [2025-02-17T12:11:49.066Z] CLI Version:   13.31.1
[debug] [2025-02-17T12:11:49.066Z] Platform:      win32
[debug] [2025-02-17T12:11:49.066Z] Node Version:  v22.12.0
[debug] [2025-02-17T12:11:49.067Z] Time:          Mon Feb 17 2025 09:11:49 GMT-0300 (Horário Padrão de Brasília)
[debug] [2025-02-17T12:11:49.067Z] ----------------------------------------------------------------------
[debug] 
[debug] [2025-02-17T12:11:49.271Z] > command requires scopes: ["email","openid","https://www.googleapis.com/auth/cloudplatformprojects.readonly","https://www.googleapis.com/auth/firebase","https://www.googleapis.com/auth/cloud-platform"]
[debug] [2025-02-17T12:11:49.272Z] > authorizing via signed-in user (benitodelorenzi@gmail.com)
[info] 
     ######## #### ########  ######## ########     ###     ######  ########
     ##        ##  ##     ## ##       ##     ##  ##   ##  ##       ##
     ######    ##  ########  ######   ########  #########  ######  ######
     ##        ##  ##    ##  ##       ##     ## ##     ##       ## ##
     ##       #### ##     ## ######## ########  ##     ##  ######  ########

You're about to initialize a Firebase project in this directory:

  C:\Users\Benito\Desktop\Projetos\incoagro

Before we get started, keep in mind:

  * You are initializing within an existing Firebase project directory

